<?xml version="1.0" encoding="UTF-8"?>
<testsuite xmlns:xsi="http://www.w3.org/2001/XMLSchema-instance" xsi:noNamespaceSchemaLocation="https://maven.apache.org/surefire/maven-surefire-plugin/xsd/surefire-test-report.xsd" name="org.eclipse.om2m.AvatarsLAAS.ApplicationTests" time="12.009" tests="1" errors="0" skipped="0" failures="0">
  <properties>
    <property name="awt.toolkit" value="sun.awt.X11.XToolkit"/>
    <property name="file.encoding.pkg" value="sun.io"/>
    <property name="java.specification.version" value="1.8"/>
    <property name="sun.cpu.isalist" value=""/>
    <property name="sun.jnu.encoding" value="UTF-8"/>
    <property name="java.class.path" value="/home/a7qlf/Documents/CHARBON/StageAvatars/OM2M_2019/om2m/org.eclipse.om2m.AvatarsLAAS/target/test-classes:/home/a7qlf/Documents/CHARBON/StageAvatars/OM2M_2019/om2m/org.eclipse.om2m.AvatarsLAAS/target/classes:/home/a7qlf/.m2/repository/org/springframework/boot/spring-boot-starter-data-rest/2.2.0.BUILD-SNAPSHOT/spring-boot-starter-data-rest-2.2.0.BUILD-SNAPSHOT.jar:/home/a7qlf/.m2/repository/org/springframework/data/spring-data-rest-webmvc/3.2.0.RC3/spring-data-rest-webmvc-3.2.0.RC3.jar:/home/a7qlf/.m2/repository/org/springframework/data/spring-data-rest-core/3.2.0.RC3/spring-data-rest-core-3.2.0.RC3.jar:/home/a7qlf/.m2/repository/org/springframework/spring-tx/5.2.0.BUILD-SNAPSHOT/spring-tx-5.2.0.BUILD-SNAPSHOT.jar:/home/a7qlf/.m2/repository/org/springframework/data/spring-data-commons/2.2.0.RC3/spring-data-commons-2.2.0.RC3.jar:/home/a7qlf/.m2/repository/org/atteo/evo-inflector/1.2.2/evo-inflector-1.2.2.jar:/home/a7qlf/.m2/repository/com/fasterxml/jackson/core/jackson-databind/2.9.9.3/jackson-databind-2.9.9.3.jar:/home/a7qlf/.m2/repository/com/fasterxml/jackson/core/jackson-core/2.9.9/jackson-core-2.9.9.jar:/home/a7qlf/.m2/repository/com/fasterxml/jackson/core/jackson-annotations/2.9.0/jackson-annotations-2.9.0.jar:/home/a7qlf/.m2/repository/org/springframework/boot/spring-boot-starter-freemarker/2.2.0.BUILD-SNAPSHOT/spring-boot-starter-freemarker-2.2.0.BUILD-SNAPSHOT.jar:/home/a7qlf/.m2/repository/org/springframework/boot/spring-boot-starter/2.2.0.BUILD-SNAPSHOT/spring-boot-starter-2.2.0.BUILD-SNAPSHOT.jar:/home/a7qlf/.m2/repository/org/springframework/boot/spring-boot/2.2.0.BUILD-SNAPSHOT/spring-boot-2.2.0.BUILD-SNAPSHOT.jar:/home/a7qlf/.m2/repository/org/springframework/boot/spring-boot-autoconfigure/2.2.0.BUILD-SNAPSHOT/spring-boot-autoconfigure-2.2.0.BUILD-SNAPSHOT.jar:/home/a7qlf/.m2/repository/org/springframework/boot/spring-boot-starter-logging/2.2.0.BUILD-SNAPSHOT/spring-boot-starter-logging-2.2.0.BUILD-SNAPSHOT.jar:/home/a7qlf/.m2/repository/ch/qos/logback/logback-classic/1.2.3/logback-classic-1.2.3.jar:/home/a7qlf/.m2/repository/ch/qos/logback/logback-core/1.2.3/logback-core-1.2.3.jar:/home/a7qlf/.m2/repository/org/apache/logging/log4j/log4j-to-slf4j/2.12.1/log4j-to-slf4j-2.12.1.jar:/home/a7qlf/.m2/repository/org/apache/logging/log4j/log4j-api/2.12.1/log4j-api-2.12.1.jar:/home/a7qlf/.m2/repository/org/slf4j/jul-to-slf4j/1.7.28/jul-to-slf4j-1.7.28.jar:/home/a7qlf/.m2/repository/org/yaml/snakeyaml/1.25/snakeyaml-1.25.jar:/home/a7qlf/.m2/repository/org/freemarker/freemarker/2.3.29/freemarker-2.3.29.jar:/home/a7qlf/.m2/repository/org/springframework/spring-context-support/5.2.0.BUILD-SNAPSHOT/spring-context-support-5.2.0.BUILD-SNAPSHOT.jar:/home/a7qlf/.m2/repository/org/springframework/spring-beans/5.2.0.BUILD-SNAPSHOT/spring-beans-5.2.0.BUILD-SNAPSHOT.jar:/home/a7qlf/.m2/repository/org/springframework/spring-context/5.2.0.BUILD-SNAPSHOT/spring-context-5.2.0.BUILD-SNAPSHOT.jar:/home/a7qlf/.m2/repository/org/springframework/boot/spring-boot-starter-hateoas/2.2.0.BUILD-SNAPSHOT/spring-boot-starter-hateoas-2.2.0.BUILD-SNAPSHOT.jar:/home/a7qlf/.m2/repository/org/springframework/hateoas/spring-hateoas/1.0.0.RC2/spring-hateoas-1.0.0.RC2.jar:/home/a7qlf/.m2/repository/org/springframework/spring-aop/5.2.0.BUILD-SNAPSHOT/spring-aop-5.2.0.BUILD-SNAPSHOT.jar:/home/a7qlf/.m2/repository/org/springframework/plugin/spring-plugin-core/2.0.0.M1/spring-plugin-core-2.0.0.M1.jar:/home/a7qlf/.m2/repository/org/springframework/boot/spring-boot-starter-jersey/2.2.0.BUILD-SNAPSHOT/spring-boot-starter-jersey-2.2.0.BUILD-SNAPSHOT.jar:/home/a7qlf/.m2/repository/org/springframework/boot/spring-boot-starter-json/2.2.0.BUILD-SNAPSHOT/spring-boot-starter-json-2.2.0.BUILD-SNAPSHOT.jar:/home/a7qlf/.m2/repository/com/fasterxml/jackson/datatype/jackson-datatype-jdk8/2.9.9/jackson-datatype-jdk8-2.9.9.jar:/home/a7qlf/.m2/repository/com/fasterxml/jackson/datatype/jackson-datatype-jsr310/2.9.9/jackson-datatype-jsr310-2.9.9.jar:/home/a7qlf/.m2/repository/com/fasterxml/jackson/module/jackson-module-parameter-names/2.9.9/jackson-module-parameter-names-2.9.9.jar:/home/a7qlf/.m2/repository/org/springframework/boot/spring-boot-starter-tomcat/2.2.0.BUILD-SNAPSHOT/spring-boot-starter-tomcat-2.2.0.BUILD-SNAPSHOT.jar:/home/a7qlf/.m2/repository/org/apache/tomcat/embed/tomcat-embed-core/9.0.24/tomcat-embed-core-9.0.24.jar:/home/a7qlf/.m2/repository/org/apache/tomcat/embed/tomcat-embed-el/9.0.24/tomcat-embed-el-9.0.24.jar:/home/a7qlf/.m2/repository/org/apache/tomcat/embed/tomcat-embed-websocket/9.0.24/tomcat-embed-websocket-9.0.24.jar:/home/a7qlf/.m2/repository/org/springframework/boot/spring-boot-starter-validation/2.2.0.BUILD-SNAPSHOT/spring-boot-starter-validation-2.2.0.BUILD-SNAPSHOT.jar:/home/a7qlf/.m2/repository/jakarta/validation/jakarta.validation-api/2.0.1/jakarta.validation-api-2.0.1.jar:/home/a7qlf/.m2/repository/org/hibernate/validator/hibernate-validator/6.0.17.Final/hibernate-validator-6.0.17.Final.jar:/home/a7qlf/.m2/repository/org/jboss/logging/jboss-logging/3.4.1.Final/jboss-logging-3.4.1.Final.jar:/home/a7qlf/.m2/repository/com/fasterxml/classmate/1.5.0/classmate-1.5.0.jar:/home/a7qlf/.m2/repository/jakarta/annotation/jakarta.annotation-api/1.3.5/jakarta.annotation-api-1.3.5.jar:/home/a7qlf/.m2/repository/jakarta/ws/rs/jakarta.ws.rs-api/2.1.6/jakarta.ws.rs-api-2.1.6.jar:/home/a7qlf/.m2/repository/org/springframework/spring-web/5.2.0.BUILD-SNAPSHOT/spring-web-5.2.0.BUILD-SNAPSHOT.jar:/home/a7qlf/.m2/repository/org/glassfish/jersey/core/jersey-server/2.29.1/jersey-server-2.29.1.jar:/home/a7qlf/.m2/repository/org/glassfish/jersey/core/jersey-common/2.29.1/jersey-common-2.29.1.jar:/home/a7qlf/.m2/repository/org/glassfish/hk2/osgi-resource-locator/1.0.3/osgi-resource-locator-1.0.3.jar:/home/a7qlf/.m2/repository/org/glassfish/jersey/core/jersey-client/2.29.1/jersey-client-2.29.1.jar:/home/a7qlf/.m2/repository/org/glassfish/jersey/media/jersey-media-jaxb/2.29.1/jersey-media-jaxb-2.29.1.jar:/home/a7qlf/.m2/repository/org/glassfish/hk2/external/jakarta.inject/2.6.1/jakarta.inject-2.6.1.jar:/home/a7qlf/.m2/repository/org/glassfish/jersey/containers/jersey-container-servlet-core/2.29.1/jersey-container-servlet-core-2.29.1.jar:/home/a7qlf/.m2/repository/org/glassfish/jersey/containers/jersey-container-servlet/2.29.1/jersey-container-servlet-2.29.1.jar:/home/a7qlf/.m2/repository/org/glassfish/jersey/ext/jersey-bean-validation/2.29.1/jersey-bean-validation-2.29.1.jar:/home/a7qlf/.m2/repository/org/glassfish/jersey/ext/jersey-spring5/2.29.1/jersey-spring5-2.29.1.jar:/home/a7qlf/.m2/repository/org/glassfish/jersey/inject/jersey-hk2/2.29.1/jersey-hk2-2.29.1.jar:/home/a7qlf/.m2/repository/org/glassfish/hk2/hk2-locator/2.6.1/hk2-locator-2.6.1.jar:/home/a7qlf/.m2/repository/org/glassfish/hk2/external/aopalliance-repackaged/2.6.1/aopalliance-repackaged-2.6.1.jar:/home/a7qlf/.m2/repository/org/javassist/javassist/3.22.0-CR2/javassist-3.22.0-CR2.jar:/home/a7qlf/.m2/repository/org/glassfish/hk2/hk2/2.6.1/hk2-2.6.1.jar:/home/a7qlf/.m2/repository/org/glassfish/hk2/hk2-utils/2.6.1/hk2-utils-2.6.1.jar:/home/a7qlf/.m2/repository/org/glassfish/hk2/hk2-api/2.6.1/hk2-api-2.6.1.jar:/home/a7qlf/.m2/repository/org/glassfish/hk2/hk2-core/2.6.1/hk2-core-2.6.1.jar:/home/a7qlf/.m2/repository/org/glassfish/hk2/hk2-runlevel/2.6.1/hk2-runlevel-2.6.1.jar:/home/a7qlf/.m2/repository/org/glassfish/hk2/class-model/2.6.1/class-model-2.6.1.jar:/home/a7qlf/.m2/repository/org/ow2/asm/asm/7.1/asm-7.1.jar:/home/a7qlf/.m2/repository/org/ow2/asm/asm-analysis/7.1/asm-analysis-7.1.jar:/home/a7qlf/.m2/repository/org/ow2/asm/asm-commons/7.1/asm-commons-7.1.jar:/home/a7qlf/.m2/repository/org/ow2/asm/asm-tree/7.1/asm-tree-7.1.jar:/home/a7qlf/.m2/repository/org/ow2/asm/asm-util/7.1/asm-util-7.1.jar:/home/a7qlf/.m2/repository/org/glassfish/hk2/spring-bridge/2.6.1/spring-bridge-2.6.1.jar:/home/a7qlf/.m2/repository/org/glassfish/jersey/media/jersey-media-json-jackson/2.29.1/jersey-media-json-jackson-2.29.1.jar:/home/a7qlf/.m2/repository/org/glassfish/jersey/ext/jersey-entity-filtering/2.29.1/jersey-entity-filtering-2.29.1.jar:/home/a7qlf/.m2/repository/com/fasterxml/jackson/module/jackson-module-jaxb-annotations/2.9.9/jackson-module-jaxb-annotations-2.9.9.jar:/home/a7qlf/.m2/repository/jakarta/xml/bind/jakarta.xml.bind-api/2.3.2/jakarta.xml.bind-api-2.3.2.jar:/home/a7qlf/.m2/repository/jakarta/activation/jakarta.activation-api/1.2.1/jakarta.activation-api-1.2.1.jar:/home/a7qlf/.m2/repository/org/springframework/boot/spring-boot-starter-web/2.2.0.BUILD-SNAPSHOT/spring-boot-starter-web-2.2.0.BUILD-SNAPSHOT.jar:/home/a7qlf/.m2/repository/org/springframework/spring-webmvc/5.2.0.BUILD-SNAPSHOT/spring-webmvc-5.2.0.BUILD-SNAPSHOT.jar:/home/a7qlf/.m2/repository/org/springframework/spring-expression/5.2.0.BUILD-SNAPSHOT/spring-expression-5.2.0.BUILD-SNAPSHOT.jar:/home/a7qlf/.m2/repository/org/springframework/boot/spring-boot-starter-web-services/2.2.0.BUILD-SNAPSHOT/spring-boot-starter-web-services-2.2.0.BUILD-SNAPSHOT.jar:/home/a7qlf/.m2/repository/com/sun/xml/messaging/saaj/saaj-impl/1.5.1/saaj-impl-1.5.1.jar:/home/a7qlf/.m2/repository/jakarta/xml/soap/jakarta.xml.soap-api/1.4.1/jakarta.xml.soap-api-1.4.1.jar:/home/a7qlf/.m2/repository/org/jvnet/mimepull/mimepull/1.9.11/mimepull-1.9.11.jar:/home/a7qlf/.m2/repository/org/jvnet/staxex/stax-ex/1.8.1/stax-ex-1.8.1.jar:/home/a7qlf/.m2/repository/jakarta/xml/ws/jakarta.xml.ws-api/2.3.2/jakarta.xml.ws-api-2.3.2.jar:/home/a7qlf/.m2/repository/jakarta/jws/jakarta.jws-api/1.1.1/jakarta.jws-api-1.1.1.jar:/home/a7qlf/.m2/repository/org/springframework/spring-oxm/5.2.0.BUILD-SNAPSHOT/spring-oxm-5.2.0.BUILD-SNAPSHOT.jar:/home/a7qlf/.m2/repository/org/springframework/ws/spring-ws-core/3.0.7.RELEASE/spring-ws-core-3.0.7.RELEASE.jar:/home/a7qlf/.m2/repository/org/springframework/ws/spring-xml/3.0.7.RELEASE/spring-xml-3.0.7.RELEASE.jar:/home/a7qlf/.m2/repository/commons-io/commons-io/2.5/commons-io-2.5.jar:/home/a7qlf/.m2/repository/org/springframework/boot/spring-boot-starter-webflux/2.2.0.BUILD-SNAPSHOT/spring-boot-starter-webflux-2.2.0.BUILD-SNAPSHOT.jar:/home/a7qlf/.m2/repository/org/springframework/boot/spring-boot-starter-reactor-netty/2.2.0.BUILD-SNAPSHOT/spring-boot-starter-reactor-netty-2.2.0.BUILD-SNAPSHOT.jar:/home/a7qlf/.m2/repository/io/projectreactor/netty/reactor-netty/0.9.0.RC1/reactor-netty-0.9.0.RC1.jar:/home/a7qlf/.m2/repository/io/netty/netty-codec-http/4.1.39.Final/netty-codec-http-4.1.39.Final.jar:/home/a7qlf/.m2/repository/io/netty/netty-common/4.1.39.Final/netty-common-4.1.39.Final.jar:/home/a7qlf/.m2/repository/io/netty/netty-buffer/4.1.39.Final/netty-buffer-4.1.39.Final.jar:/home/a7qlf/.m2/repository/io/netty/netty-transport/4.1.39.Final/netty-transport-4.1.39.Final.jar:/home/a7qlf/.m2/repository/io/netty/netty-resolver/4.1.39.Final/netty-resolver-4.1.39.Final.jar:/home/a7qlf/.m2/repository/io/netty/netty-codec/4.1.39.Final/netty-codec-4.1.39.Final.jar:/home/a7qlf/.m2/repository/io/netty/netty-codec-http2/4.1.39.Final/netty-codec-http2-4.1.39.Final.jar:/home/a7qlf/.m2/repository/io/netty/netty-handler/4.1.39.Final/netty-handler-4.1.39.Final.jar:/home/a7qlf/.m2/repository/io/netty/netty-handler-proxy/4.1.39.Final/netty-handler-proxy-4.1.39.Final.jar:/home/a7qlf/.m2/repository/io/netty/netty-codec-socks/4.1.39.Final/netty-codec-socks-4.1.39.Final.jar:/home/a7qlf/.m2/repository/io/netty/netty-transport-native-epoll/4.1.39.Final/netty-transport-native-epoll-4.1.39.Final-linux-x86_64.jar:/home/a7qlf/.m2/repository/io/netty/netty-transport-native-unix-common/4.1.39.Final/netty-transport-native-unix-common-4.1.39.Final.jar:/home/a7qlf/.m2/repository/io/projectreactor/addons/reactor-pool/0.1.0.RC1/reactor-pool-0.1.0.RC1.jar:/home/a7qlf/.m2/repository/org/glassfish/jakarta.el/3.0.3/jakarta.el-3.0.3.jar:/home/a7qlf/.m2/repository/org/springframework/spring-webflux/5.2.0.BUILD-SNAPSHOT/spring-webflux-5.2.0.BUILD-SNAPSHOT.jar:/home/a7qlf/.m2/repository/org/synchronoss/cloud/nio-multipart-parser/1.1.0/nio-multipart-parser-1.1.0.jar:/home/a7qlf/.m2/repository/org/synchronoss/cloud/nio-stream-storage/1.1.3/nio-stream-storage-1.1.3.jar:/home/a7qlf/.m2/repository/org/springframework/boot/spring-boot-starter-websocket/2.2.0.BUILD-SNAPSHOT/spring-boot-starter-websocket-2.2.0.BUILD-SNAPSHOT.jar:/home/a7qlf/.m2/repository/org/springframework/spring-messaging/5.2.0.BUILD-SNAPSHOT/spring-messaging-5.2.0.BUILD-SNAPSHOT.jar:/home/a7qlf/.m2/repository/org/springframework/spring-websocket/5.2.0.BUILD-SNAPSHOT/spring-websocket-5.2.0.BUILD-SNAPSHOT.jar:/home/a7qlf/.m2/repository/org/springframework/data/spring-data-rest-hal-browser/3.2.0.RC3/spring-data-rest-hal-browser-3.2.0.RC3.jar:/home/a7qlf/.m2/repository/org/slf4j/slf4j-api/1.7.28/slf4j-api-1.7.28.jar:/home/a7qlf/.m2/repository/org/springframework/session/spring-session-core/2.2.0.M4/spring-session-core-2.2.0.M4.jar:/home/a7qlf/.m2/repository/org/springframework/spring-jcl/5.2.0.BUILD-SNAPSHOT/spring-jcl-5.2.0.BUILD-SNAPSHOT.jar:/home/a7qlf/.m2/repository/org/springframework/boot/spring-boot-configuration-processor/2.2.0.BUILD-SNAPSHOT/spring-boot-configuration-processor-2.2.0.BUILD-SNAPSHOT.jar:/home/a7qlf/.m2/repository/org/springframework/boot/spring-boot-starter-test/2.2.0.BUILD-SNAPSHOT/spring-boot-starter-test-2.2.0.BUILD-SNAPSHOT.jar:/home/a7qlf/.m2/repository/org/springframework/boot/spring-boot-test/2.2.0.BUILD-SNAPSHOT/spring-boot-test-2.2.0.BUILD-SNAPSHOT.jar:/home/a7qlf/.m2/repository/org/springframework/boot/spring-boot-test-autoconfigure/2.2.0.BUILD-SNAPSHOT/spring-boot-test-autoconfigure-2.2.0.BUILD-SNAPSHOT.jar:/home/a7qlf/.m2/repository/com/jayway/jsonpath/json-path/2.4.0/json-path-2.4.0.jar:/home/a7qlf/.m2/repository/net/minidev/json-smart/2.3/json-smart-2.3.jar:/home/a7qlf/.m2/repository/net/minidev/accessors-smart/1.2/accessors-smart-1.2.jar:/home/a7qlf/.m2/repository/org/junit/jupiter/junit-jupiter/5.5.2/junit-jupiter-5.5.2.jar:/home/a7qlf/.m2/repository/org/junit/jupiter/junit-jupiter-api/5.5.2/junit-jupiter-api-5.5.2.jar:/home/a7qlf/.m2/repository/org/apiguardian/apiguardian-api/1.1.0/apiguardian-api-1.1.0.jar:/home/a7qlf/.m2/repository/org/opentest4j/opentest4j/1.2.0/opentest4j-1.2.0.jar:/home/a7qlf/.m2/repository/org/junit/platform/junit-platform-commons/1.5.2/junit-platform-commons-1.5.2.jar:/home/a7qlf/.m2/repository/org/junit/jupiter/junit-jupiter-params/5.5.2/junit-jupiter-params-5.5.2.jar:/home/a7qlf/.m2/repository/org/junit/jupiter/junit-jupiter-engine/5.5.2/junit-jupiter-engine-5.5.2.jar:/home/a7qlf/.m2/repository/org/junit/platform/junit-platform-engine/1.5.2/junit-platform-engine-1.5.2.jar:/home/a7qlf/.m2/repository/org/mockito/mockito-junit-jupiter/3.0.0/mockito-junit-jupiter-3.0.0.jar:/home/a7qlf/.m2/repository/org/assertj/assertj-core/3.13.2/assertj-core-3.13.2.jar:/home/a7qlf/.m2/repository/org/hamcrest/hamcrest/2.1/hamcrest-2.1.jar:/home/a7qlf/.m2/repository/org/mockito/mockito-core/3.0.0/mockito-core-3.0.0.jar:/home/a7qlf/.m2/repository/net/bytebuddy/byte-buddy/1.10.1/byte-buddy-1.10.1.jar:/home/a7qlf/.m2/repository/net/bytebuddy/byte-buddy-agent/1.10.1/byte-buddy-agent-1.10.1.jar:/home/a7qlf/.m2/repository/org/objenesis/objenesis/2.6/objenesis-2.6.jar:/home/a7qlf/.m2/repository/org/skyscreamer/jsonassert/1.5.0/jsonassert-1.5.0.jar:/home/a7qlf/.m2/repository/com/vaadin/external/google/android-json/0.0.20131108.vaadin1/android-json-0.0.20131108.vaadin1.jar:/home/a7qlf/.m2/repository/org/springframework/spring-core/5.2.0.BUILD-SNAPSHOT/spring-core-5.2.0.BUILD-SNAPSHOT.jar:/home/a7qlf/.m2/repository/org/springframework/spring-test/5.2.0.BUILD-SNAPSHOT/spring-test-5.2.0.BUILD-SNAPSHOT.jar:/home/a7qlf/.m2/repository/org/xmlunit/xmlunit-core/2.6.3/xmlunit-core-2.6.3.jar:/home/a7qlf/.m2/repository/io/projectreactor/reactor-test/3.3.0.RC1/reactor-test-3.3.0.RC1.jar:/home/a7qlf/.m2/repository/io/projectreactor/reactor-core/3.3.0.RC1/reactor-core-3.3.0.RC1.jar:/home/a7qlf/.m2/repository/org/reactivestreams/reactive-streams/1.0.3/reactive-streams-1.0.3.jar:"/>
    <property name="java.vm.vendor" value="Oracle Corporation"/>
    <property name="sun.arch.data.model" value="64"/>
    <property name="java.vendor.url" value="http://java.oracle.com/"/>
    <property name="user.timezone" value=""/>
    <property name="java.vm.specification.version" value="1.8"/>
    <property name="os.name" value="Linux"/>
    <property name="user.country" value="FR"/>
    <property name="sun.java.launcher" value="SUN_STANDARD"/>
    <property name="sun.boot.library.path" value="/usr/lib/jvm/java-8-oracle/jre/lib/amd64"/>
    <property name="sun.java.command" value="/home/a7qlf/Documents/CHARBON/StageAvatars/OM2M_2019/om2m/org.eclipse.om2m.AvatarsLAAS/target/surefire/surefirebooter82174935195998469.jar /home/a7qlf/Documents/CHARBON/StageAvatars/OM2M_2019/om2m/org.eclipse.om2m.AvatarsLAAS/target/surefire 2019-09-18T17-06-18_602-jvmRun1 surefire3456986424612390542tmp surefire_01943494824734095744tmp"/>
    <property name="surefire.test.class.path" value="/home/a7qlf/Documents/CHARBON/StageAvatars/OM2M_2019/om2m/org.eclipse.om2m.AvatarsLAAS/target/test-classes:/home/a7qlf/Documents/CHARBON/StageAvatars/OM2M_2019/om2m/org.eclipse.om2m.AvatarsLAAS/target/classes:/home/a7qlf/.m2/repository/org/springframework/boot/spring-boot-starter-data-rest/2.2.0.BUILD-SNAPSHOT/spring-boot-starter-data-rest-2.2.0.BUILD-SNAPSHOT.jar:/home/a7qlf/.m2/repository/org/springframework/data/spring-data-rest-webmvc/3.2.0.RC3/spring-data-rest-webmvc-3.2.0.RC3.jar:/home/a7qlf/.m2/repository/org/springframework/data/spring-data-rest-core/3.2.0.RC3/spring-data-rest-core-3.2.0.RC3.jar:/home/a7qlf/.m2/repository/org/springframework/spring-tx/5.2.0.BUILD-SNAPSHOT/spring-tx-5.2.0.BUILD-SNAPSHOT.jar:/home/a7qlf/.m2/repository/org/springframework/data/spring-data-commons/2.2.0.RC3/spring-data-commons-2.2.0.RC3.jar:/home/a7qlf/.m2/repository/org/atteo/evo-inflector/1.2.2/evo-inflector-1.2.2.jar:/home/a7qlf/.m2/repository/com/fasterxml/jackson/core/jackson-databind/2.9.9.3/jackson-databind-2.9.9.3.jar:/home/a7qlf/.m2/repository/com/fasterxml/jackson/core/jackson-core/2.9.9/jackson-core-2.9.9.jar:/home/a7qlf/.m2/repository/com/fasterxml/jackson/core/jackson-annotations/2.9.0/jackson-annotations-2.9.0.jar:/home/a7qlf/.m2/repository/org/springframework/boot/spring-boot-starter-freemarker/2.2.0.BUILD-SNAPSHOT/spring-boot-starter-freemarker-2.2.0.BUILD-SNAPSHOT.jar:/home/a7qlf/.m2/repository/org/springframework/boot/spring-boot-starter/2.2.0.BUILD-SNAPSHOT/spring-boot-starter-2.2.0.BUILD-SNAPSHOT.jar:/home/a7qlf/.m2/repository/org/springframework/boot/spring-boot/2.2.0.BUILD-SNAPSHOT/spring-boot-2.2.0.BUILD-SNAPSHOT.jar:/home/a7qlf/.m2/repository/org/springframework/boot/spring-boot-autoconfigure/2.2.0.BUILD-SNAPSHOT/spring-boot-autoconfigure-2.2.0.BUILD-SNAPSHOT.jar:/home/a7qlf/.m2/repository/org/springframework/boot/spring-boot-starter-logging/2.2.0.BUILD-SNAPSHOT/spring-boot-starter-logging-2.2.0.BUILD-SNAPSHOT.jar:/home/a7qlf/.m2/repository/ch/qos/logback/logback-classic/1.2.3/logback-classic-1.2.3.jar:/home/a7qlf/.m2/repository/ch/qos/logback/logback-core/1.2.3/logback-core-1.2.3.jar:/home/a7qlf/.m2/repository/org/apache/logging/log4j/log4j-to-slf4j/2.12.1/log4j-to-slf4j-2.12.1.jar:/home/a7qlf/.m2/repository/org/apache/logging/log4j/log4j-api/2.12.1/log4j-api-2.12.1.jar:/home/a7qlf/.m2/repository/org/slf4j/jul-to-slf4j/1.7.28/jul-to-slf4j-1.7.28.jar:/home/a7qlf/.m2/repository/org/yaml/snakeyaml/1.25/snakeyaml-1.25.jar:/home/a7qlf/.m2/repository/org/freemarker/freemarker/2.3.29/freemarker-2.3.29.jar:/home/a7qlf/.m2/repository/org/springframework/spring-context-support/5.2.0.BUILD-SNAPSHOT/spring-context-support-5.2.0.BUILD-SNAPSHOT.jar:/home/a7qlf/.m2/repository/org/springframework/spring-beans/5.2.0.BUILD-SNAPSHOT/spring-beans-5.2.0.BUILD-SNAPSHOT.jar:/home/a7qlf/.m2/repository/org/springframework/spring-context/5.2.0.BUILD-SNAPSHOT/spring-context-5.2.0.BUILD-SNAPSHOT.jar:/home/a7qlf/.m2/repository/org/springframework/boot/spring-boot-starter-hateoas/2.2.0.BUILD-SNAPSHOT/spring-boot-starter-hateoas-2.2.0.BUILD-SNAPSHOT.jar:/home/a7qlf/.m2/repository/org/springframework/hateoas/spring-hateoas/1.0.0.RC2/spring-hateoas-1.0.0.RC2.jar:/home/a7qlf/.m2/repository/org/springframework/spring-aop/5.2.0.BUILD-SNAPSHOT/spring-aop-5.2.0.BUILD-SNAPSHOT.jar:/home/a7qlf/.m2/repository/org/springframework/plugin/spring-plugin-core/2.0.0.M1/spring-plugin-core-2.0.0.M1.jar:/home/a7qlf/.m2/repository/org/springframework/boot/spring-boot-starter-jersey/2.2.0.BUILD-SNAPSHOT/spring-boot-starter-jersey-2.2.0.BUILD-SNAPSHOT.jar:/home/a7qlf/.m2/repository/org/springframework/boot/spring-boot-starter-json/2.2.0.BUILD-SNAPSHOT/spring-boot-starter-json-2.2.0.BUILD-SNAPSHOT.jar:/home/a7qlf/.m2/repository/com/fasterxml/jackson/datatype/jackson-datatype-jdk8/2.9.9/jackson-datatype-jdk8-2.9.9.jar:/home/a7qlf/.m2/repository/com/fasterxml/jackson/datatype/jackson-datatype-jsr310/2.9.9/jackson-datatype-jsr310-2.9.9.jar:/home/a7qlf/.m2/repository/com/fasterxml/jackson/module/jackson-module-parameter-names/2.9.9/jackson-module-parameter-names-2.9.9.jar:/home/a7qlf/.m2/repository/org/springframework/boot/spring-boot-starter-tomcat/2.2.0.BUILD-SNAPSHOT/spring-boot-starter-tomcat-2.2.0.BUILD-SNAPSHOT.jar:/home/a7qlf/.m2/repository/org/apache/tomcat/embed/tomcat-embed-core/9.0.24/tomcat-embed-core-9.0.24.jar:/home/a7qlf/.m2/repository/org/apache/tomcat/embed/tomcat-embed-el/9.0.24/tomcat-embed-el-9.0.24.jar:/home/a7qlf/.m2/repository/org/apache/tomcat/embed/tomcat-embed-websocket/9.0.24/tomcat-embed-websocket-9.0.24.jar:/home/a7qlf/.m2/repository/org/springframework/boot/spring-boot-starter-validation/2.2.0.BUILD-SNAPSHOT/spring-boot-starter-validation-2.2.0.BUILD-SNAPSHOT.jar:/home/a7qlf/.m2/repository/jakarta/validation/jakarta.validation-api/2.0.1/jakarta.validation-api-2.0.1.jar:/home/a7qlf/.m2/repository/org/hibernate/validator/hibernate-validator/6.0.17.Final/hibernate-validator-6.0.17.Final.jar:/home/a7qlf/.m2/repository/org/jboss/logging/jboss-logging/3.4.1.Final/jboss-logging-3.4.1.Final.jar:/home/a7qlf/.m2/repository/com/fasterxml/classmate/1.5.0/classmate-1.5.0.jar:/home/a7qlf/.m2/repository/jakarta/annotation/jakarta.annotation-api/1.3.5/jakarta.annotation-api-1.3.5.jar:/home/a7qlf/.m2/repository/jakarta/ws/rs/jakarta.ws.rs-api/2.1.6/jakarta.ws.rs-api-2.1.6.jar:/home/a7qlf/.m2/repository/org/springframework/spring-web/5.2.0.BUILD-SNAPSHOT/spring-web-5.2.0.BUILD-SNAPSHOT.jar:/home/a7qlf/.m2/repository/org/glassfish/jersey/core/jersey-server/2.29.1/jersey-server-2.29.1.jar:/home/a7qlf/.m2/repository/org/glassfish/jersey/core/jersey-common/2.29.1/jersey-common-2.29.1.jar:/home/a7qlf/.m2/repository/org/glassfish/hk2/osgi-resource-locator/1.0.3/osgi-resource-locator-1.0.3.jar:/home/a7qlf/.m2/repository/org/glassfish/jersey/core/jersey-client/2.29.1/jersey-client-2.29.1.jar:/home/a7qlf/.m2/repository/org/glassfish/jersey/media/jersey-media-jaxb/2.29.1/jersey-media-jaxb-2.29.1.jar:/home/a7qlf/.m2/repository/org/glassfish/hk2/external/jakarta.inject/2.6.1/jakarta.inject-2.6.1.jar:/home/a7qlf/.m2/repository/org/glassfish/jersey/containers/jersey-container-servlet-core/2.29.1/jersey-container-servlet-core-2.29.1.jar:/home/a7qlf/.m2/repository/org/glassfish/jersey/containers/jersey-container-servlet/2.29.1/jersey-container-servlet-2.29.1.jar:/home/a7qlf/.m2/repository/org/glassfish/jersey/ext/jersey-bean-validation/2.29.1/jersey-bean-validation-2.29.1.jar:/home/a7qlf/.m2/repository/org/glassfish/jersey/ext/jersey-spring5/2.29.1/jersey-spring5-2.29.1.jar:/home/a7qlf/.m2/repository/org/glassfish/jersey/inject/jersey-hk2/2.29.1/jersey-hk2-2.29.1.jar:/home/a7qlf/.m2/repository/org/glassfish/hk2/hk2-locator/2.6.1/hk2-locator-2.6.1.jar:/home/a7qlf/.m2/repository/org/glassfish/hk2/external/aopalliance-repackaged/2.6.1/aopalliance-repackaged-2.6.1.jar:/home/a7qlf/.m2/repository/org/javassist/javassist/3.22.0-CR2/javassist-3.22.0-CR2.jar:/home/a7qlf/.m2/repository/org/glassfish/hk2/hk2/2.6.1/hk2-2.6.1.jar:/home/a7qlf/.m2/repository/org/glassfish/hk2/hk2-utils/2.6.1/hk2-utils-2.6.1.jar:/home/a7qlf/.m2/repository/org/glassfish/hk2/hk2-api/2.6.1/hk2-api-2.6.1.jar:/home/a7qlf/.m2/repository/org/glassfish/hk2/hk2-core/2.6.1/hk2-core-2.6.1.jar:/home/a7qlf/.m2/repository/org/glassfish/hk2/hk2-runlevel/2.6.1/hk2-runlevel-2.6.1.jar:/home/a7qlf/.m2/repository/org/glassfish/hk2/class-model/2.6.1/class-model-2.6.1.jar:/home/a7qlf/.m2/repository/org/ow2/asm/asm/7.1/asm-7.1.jar:/home/a7qlf/.m2/repository/org/ow2/asm/asm-analysis/7.1/asm-analysis-7.1.jar:/home/a7qlf/.m2/repository/org/ow2/asm/asm-commons/7.1/asm-commons-7.1.jar:/home/a7qlf/.m2/repository/org/ow2/asm/asm-tree/7.1/asm-tree-7.1.jar:/home/a7qlf/.m2/repository/org/ow2/asm/asm-util/7.1/asm-util-7.1.jar:/home/a7qlf/.m2/repository/org/glassfish/hk2/spring-bridge/2.6.1/spring-bridge-2.6.1.jar:/home/a7qlf/.m2/repository/org/glassfish/jersey/media/jersey-media-json-jackson/2.29.1/jersey-media-json-jackson-2.29.1.jar:/home/a7qlf/.m2/repository/org/glassfish/jersey/ext/jersey-entity-filtering/2.29.1/jersey-entity-filtering-2.29.1.jar:/home/a7qlf/.m2/repository/com/fasterxml/jackson/module/jackson-module-jaxb-annotations/2.9.9/jackson-module-jaxb-annotations-2.9.9.jar:/home/a7qlf/.m2/repository/jakarta/xml/bind/jakarta.xml.bind-api/2.3.2/jakarta.xml.bind-api-2.3.2.jar:/home/a7qlf/.m2/repository/jakarta/activation/jakarta.activation-api/1.2.1/jakarta.activation-api-1.2.1.jar:/home/a7qlf/.m2/repository/org/springframework/boot/spring-boot-starter-web/2.2.0.BUILD-SNAPSHOT/spring-boot-starter-web-2.2.0.BUILD-SNAPSHOT.jar:/home/a7qlf/.m2/repository/org/springframework/spring-webmvc/5.2.0.BUILD-SNAPSHOT/spring-webmvc-5.2.0.BUILD-SNAPSHOT.jar:/home/a7qlf/.m2/repository/org/springframework/spring-expression/5.2.0.BUILD-SNAPSHOT/spring-expression-5.2.0.BUILD-SNAPSHOT.jar:/home/a7qlf/.m2/repository/org/springframework/boot/spring-boot-starter-web-services/2.2.0.BUILD-SNAPSHOT/spring-boot-starter-web-services-2.2.0.BUILD-SNAPSHOT.jar:/home/a7qlf/.m2/repository/com/sun/xml/messaging/saaj/saaj-impl/1.5.1/saaj-impl-1.5.1.jar:/home/a7qlf/.m2/repository/jakarta/xml/soap/jakarta.xml.soap-api/1.4.1/jakarta.xml.soap-api-1.4.1.jar:/home/a7qlf/.m2/repository/org/jvnet/mimepull/mimepull/1.9.11/mimepull-1.9.11.jar:/home/a7qlf/.m2/repository/org/jvnet/staxex/stax-ex/1.8.1/stax-ex-1.8.1.jar:/home/a7qlf/.m2/repository/jakarta/xml/ws/jakarta.xml.ws-api/2.3.2/jakarta.xml.ws-api-2.3.2.jar:/home/a7qlf/.m2/repository/jakarta/jws/jakarta.jws-api/1.1.1/jakarta.jws-api-1.1.1.jar:/home/a7qlf/.m2/repository/org/springframework/spring-oxm/5.2.0.BUILD-SNAPSHOT/spring-oxm-5.2.0.BUILD-SNAPSHOT.jar:/home/a7qlf/.m2/repository/org/springframework/ws/spring-ws-core/3.0.7.RELEASE/spring-ws-core-3.0.7.RELEASE.jar:/home/a7qlf/.m2/repository/org/springframework/ws/spring-xml/3.0.7.RELEASE/spring-xml-3.0.7.RELEASE.jar:/home/a7qlf/.m2/repository/commons-io/commons-io/2.5/commons-io-2.5.jar:/home/a7qlf/.m2/repository/org/springframework/boot/spring-boot-starter-webflux/2.2.0.BUILD-SNAPSHOT/spring-boot-starter-webflux-2.2.0.BUILD-SNAPSHOT.jar:/home/a7qlf/.m2/repository/org/springframework/boot/spring-boot-starter-reactor-netty/2.2.0.BUILD-SNAPSHOT/spring-boot-starter-reactor-netty-2.2.0.BUILD-SNAPSHOT.jar:/home/a7qlf/.m2/repository/io/projectreactor/netty/reactor-netty/0.9.0.RC1/reactor-netty-0.9.0.RC1.jar:/home/a7qlf/.m2/repository/io/netty/netty-codec-http/4.1.39.Final/netty-codec-http-4.1.39.Final.jar:/home/a7qlf/.m2/repository/io/netty/netty-common/4.1.39.Final/netty-common-4.1.39.Final.jar:/home/a7qlf/.m2/repository/io/netty/netty-buffer/4.1.39.Final/netty-buffer-4.1.39.Final.jar:/home/a7qlf/.m2/repository/io/netty/netty-transport/4.1.39.Final/netty-transport-4.1.39.Final.jar:/home/a7qlf/.m2/repository/io/netty/netty-resolver/4.1.39.Final/netty-resolver-4.1.39.Final.jar:/home/a7qlf/.m2/repository/io/netty/netty-codec/4.1.39.Final/netty-codec-4.1.39.Final.jar:/home/a7qlf/.m2/repository/io/netty/netty-codec-http2/4.1.39.Final/netty-codec-http2-4.1.39.Final.jar:/home/a7qlf/.m2/repository/io/netty/netty-handler/4.1.39.Final/netty-handler-4.1.39.Final.jar:/home/a7qlf/.m2/repository/io/netty/netty-handler-proxy/4.1.39.Final/netty-handler-proxy-4.1.39.Final.jar:/home/a7qlf/.m2/repository/io/netty/netty-codec-socks/4.1.39.Final/netty-codec-socks-4.1.39.Final.jar:/home/a7qlf/.m2/repository/io/netty/netty-transport-native-epoll/4.1.39.Final/netty-transport-native-epoll-4.1.39.Final-linux-x86_64.jar:/home/a7qlf/.m2/repository/io/netty/netty-transport-native-unix-common/4.1.39.Final/netty-transport-native-unix-common-4.1.39.Final.jar:/home/a7qlf/.m2/repository/io/projectreactor/addons/reactor-pool/0.1.0.RC1/reactor-pool-0.1.0.RC1.jar:/home/a7qlf/.m2/repository/org/glassfish/jakarta.el/3.0.3/jakarta.el-3.0.3.jar:/home/a7qlf/.m2/repository/org/springframework/spring-webflux/5.2.0.BUILD-SNAPSHOT/spring-webflux-5.2.0.BUILD-SNAPSHOT.jar:/home/a7qlf/.m2/repository/org/synchronoss/cloud/nio-multipart-parser/1.1.0/nio-multipart-parser-1.1.0.jar:/home/a7qlf/.m2/repository/org/synchronoss/cloud/nio-stream-storage/1.1.3/nio-stream-storage-1.1.3.jar:/home/a7qlf/.m2/repository/org/springframework/boot/spring-boot-starter-websocket/2.2.0.BUILD-SNAPSHOT/spring-boot-starter-websocket-2.2.0.BUILD-SNAPSHOT.jar:/home/a7qlf/.m2/repository/org/springframework/spring-messaging/5.2.0.BUILD-SNAPSHOT/spring-messaging-5.2.0.BUILD-SNAPSHOT.jar:/home/a7qlf/.m2/repository/org/springframework/spring-websocket/5.2.0.BUILD-SNAPSHOT/spring-websocket-5.2.0.BUILD-SNAPSHOT.jar:/home/a7qlf/.m2/repository/org/springframework/data/spring-data-rest-hal-browser/3.2.0.RC3/spring-data-rest-hal-browser-3.2.0.RC3.jar:/home/a7qlf/.m2/repository/org/slf4j/slf4j-api/1.7.28/slf4j-api-1.7.28.jar:/home/a7qlf/.m2/repository/org/springframework/session/spring-session-core/2.2.0.M4/spring-session-core-2.2.0.M4.jar:/home/a7qlf/.m2/repository/org/springframework/spring-jcl/5.2.0.BUILD-SNAPSHOT/spring-jcl-5.2.0.BUILD-SNAPSHOT.jar:/home/a7qlf/.m2/repository/org/springframework/boot/spring-boot-configuration-processor/2.2.0.BUILD-SNAPSHOT/spring-boot-configuration-processor-2.2.0.BUILD-SNAPSHOT.jar:/home/a7qlf/.m2/repository/org/springframework/boot/spring-boot-starter-test/2.2.0.BUILD-SNAPSHOT/spring-boot-starter-test-2.2.0.BUILD-SNAPSHOT.jar:/home/a7qlf/.m2/repository/org/springframework/boot/spring-boot-test/2.2.0.BUILD-SNAPSHOT/spring-boot-test-2.2.0.BUILD-SNAPSHOT.jar:/home/a7qlf/.m2/repository/org/springframework/boot/spring-boot-test-autoconfigure/2.2.0.BUILD-SNAPSHOT/spring-boot-test-autoconfigure-2.2.0.BUILD-SNAPSHOT.jar:/home/a7qlf/.m2/repository/com/jayway/jsonpath/json-path/2.4.0/json-path-2.4.0.jar:/home/a7qlf/.m2/repository/net/minidev/json-smart/2.3/json-smart-2.3.jar:/home/a7qlf/.m2/repository/net/minidev/accessors-smart/1.2/accessors-smart-1.2.jar:/home/a7qlf/.m2/repository/org/junit/jupiter/junit-jupiter/5.5.2/junit-jupiter-5.5.2.jar:/home/a7qlf/.m2/repository/org/junit/jupiter/junit-jupiter-api/5.5.2/junit-jupiter-api-5.5.2.jar:/home/a7qlf/.m2/repository/org/apiguardian/apiguardian-api/1.1.0/apiguardian-api-1.1.0.jar:/home/a7qlf/.m2/repository/org/opentest4j/opentest4j/1.2.0/opentest4j-1.2.0.jar:/home/a7qlf/.m2/repository/org/junit/platform/junit-platform-commons/1.5.2/junit-platform-commons-1.5.2.jar:/home/a7qlf/.m2/repository/org/junit/jupiter/junit-jupiter-params/5.5.2/junit-jupiter-params-5.5.2.jar:/home/a7qlf/.m2/repository/org/junit/jupiter/junit-jupiter-engine/5.5.2/junit-jupiter-engine-5.5.2.jar:/home/a7qlf/.m2/repository/org/junit/platform/junit-platform-engine/1.5.2/junit-platform-engine-1.5.2.jar:/home/a7qlf/.m2/repository/org/mockito/mockito-junit-jupiter/3.0.0/mockito-junit-jupiter-3.0.0.jar:/home/a7qlf/.m2/repository/org/assertj/assertj-core/3.13.2/assertj-core-3.13.2.jar:/home/a7qlf/.m2/repository/org/hamcrest/hamcrest/2.1/hamcrest-2.1.jar:/home/a7qlf/.m2/repository/org/mockito/mockito-core/3.0.0/mockito-core-3.0.0.jar:/home/a7qlf/.m2/repository/net/bytebuddy/byte-buddy/1.10.1/byte-buddy-1.10.1.jar:/home/a7qlf/.m2/repository/net/bytebuddy/byte-buddy-agent/1.10.1/byte-buddy-agent-1.10.1.jar:/home/a7qlf/.m2/repository/org/objenesis/objenesis/2.6/objenesis-2.6.jar:/home/a7qlf/.m2/repository/org/skyscreamer/jsonassert/1.5.0/jsonassert-1.5.0.jar:/home/a7qlf/.m2/repository/com/vaadin/external/google/android-json/0.0.20131108.vaadin1/android-json-0.0.20131108.vaadin1.jar:/home/a7qlf/.m2/repository/org/springframework/spring-core/5.2.0.BUILD-SNAPSHOT/spring-core-5.2.0.BUILD-SNAPSHOT.jar:/home/a7qlf/.m2/repository/org/springframework/spring-test/5.2.0.BUILD-SNAPSHOT/spring-test-5.2.0.BUILD-SNAPSHOT.jar:/home/a7qlf/.m2/repository/org/xmlunit/xmlunit-core/2.6.3/xmlunit-core-2.6.3.jar:/home/a7qlf/.m2/repository/io/projectreactor/reactor-test/3.3.0.RC1/reactor-test-3.3.0.RC1.jar:/home/a7qlf/.m2/repository/io/projectreactor/reactor-core/3.3.0.RC1/reactor-core-3.3.0.RC1.jar:/home/a7qlf/.m2/repository/org/reactivestreams/reactive-streams/1.0.3/reactive-streams-1.0.3.jar:"/>
    <property name="sun.cpu.endian" value="little"/>
    <property name="user.home" value="/home/a7qlf"/>
    <property name="user.language" value="fr"/>
    <property name="java.specification.vendor" value="Oracle Corporation"/>
    <property name="java.home" value="/usr/lib/jvm/java-8-oracle/jre"/>
    <property name="basedir" value="/home/a7qlf/Documents/CHARBON/StageAvatars/OM2M_2019/om2m/org.eclipse.om2m.AvatarsLAAS"/>
    <property name="file.separator" value="/"/>
    <property name="line.separator" value="&#10;"/>
    <property name="java.vm.specification.vendor" value="Oracle Corporation"/>
    <property name="java.specification.name" value="Java Platform API Specification"/>
    <property name="java.awt.graphicsenv" value="sun.awt.X11GraphicsEnvironment"/>
    <property name="surefire.real.class.path" value="/home/a7qlf/Documents/CHARBON/StageAvatars/OM2M_2019/om2m/org.eclipse.om2m.AvatarsLAAS/target/surefire/surefirebooter82174935195998469.jar"/>
    <property name="sun.boot.class.path" value="/usr/lib/jvm/java-8-oracle/jre/lib/resources.jar:/usr/lib/jvm/java-8-oracle/jre/lib/rt.jar:/usr/lib/jvm/java-8-oracle/jre/lib/sunrsasign.jar:/usr/lib/jvm/java-8-oracle/jre/lib/jsse.jar:/usr/lib/jvm/java-8-oracle/jre/lib/jce.jar:/usr/lib/jvm/java-8-oracle/jre/lib/charsets.jar:/usr/lib/jvm/java-8-oracle/jre/lib/jfr.jar:/usr/lib/jvm/java-8-oracle/jre/classes"/>
    <property name="sun.management.compiler" value="HotSpot 64-Bit Tiered Compilers"/>
    <property name="java.runtime.version" value="1.8.0_181-b13"/>
    <property name="user.name" value="a7qlf"/>
    <property name="path.separator" value=":"/>
    <property name="os.version" value="4.10.0-38-generic"/>
    <property name="java.endorsed.dirs" value="/usr/lib/jvm/java-8-oracle/jre/lib/endorsed"/>
    <property name="java.runtime.name" value="Java(TM) SE Runtime Environment"/>
    <property name="file.encoding" value="UTF-8"/>
    <property name="java.vm.name" value="Java HotSpot(TM) 64-Bit Server VM"/>
    <property name="localRepository" value="/home/a7qlf/.m2/repository"/>
    <property name="java.vendor.url.bug" value="http://bugreport.sun.com/bugreport/"/>
    <property name="java.io.tmpdir" value="/tmp"/>
    <property name="java.version" value="1.8.0_181"/>
    <property name="user.dir" value="/home/a7qlf/Documents/CHARBON/StageAvatars/OM2M_2019/om2m/org.eclipse.om2m.AvatarsLAAS"/>
    <property name="os.arch" value="amd64"/>
    <property name="java.vm.specification.name" value="Java Virtual Machine Specification"/>
    <property name="java.awt.printerjob" value="sun.print.PSPrinterJob"/>
    <property name="sun.os.patch.level" value="unknown"/>
    <property name="java.library.path" value="/usr/java/packages/lib/amd64:/usr/lib64:/lib64:/lib:/usr/lib"/>
    <property name="java.vm.info" value="mixed mode"/>
    <property name="java.vendor" value="Oracle Corporation"/>
    <property name="java.vm.version" value="25.181-b13"/>
    <property name="java.ext.dirs" value="/usr/lib/jvm/java-8-oracle/jre/lib/ext:/usr/java/packages/lib/ext"/>
    <property name="sun.io.unicode.encoding" value="UnicodeLittle"/>
    <property name="java.class.version" value="52.0"/>
  </properties>
  <testcase name="contextLoads" classname="org.eclipse.om2m.AvatarsLAAS.ApplicationTests" time="0.406"/>
</testsuite>